<?xml version="1.0" encoding="UTF-8"?>
<testsuite name="PowerFinderTest" tests="4" skipped="0" failures="0" errors="0" timestamp="2023-12-20T08:40:42" hostname="LAPTOP-NP9208VF" time="0.085">
  <properties/>
  <testcase name="TwoRaisedToTwoIsFour()" classname="PowerFinderTest" time="0.056"/>
  <testcase name="OneRaisedToOneIsOne()" classname="PowerFinderTest" time="0.003"/>
  <testcase name="ThreeRaisedToTwoIsNine()" classname="PowerFinderTest" time="0.003"/>
  <testcase name="TwoRaisedToOneIsTwo()" classname="PowerFinderTest" time="0.008"/>
  <system-out><![CDATA[]]></system-out>
  <system-err><![CDATA[]]></system-err>
</testsuite>
